2023-12-23T15:52:32.529+05:30  INFO 333978 --- [main] c.m.r.RelationshipsApplication           : Starting RelationshipsApplication using Java 17.0.9 with PID 333978 (/home/midbowser/Desktop/FullStactAssignment/relationships/target/classes started by midbowser in /home/midbowser/Desktop/FullStactAssignment)
2023-12-23T15:52:32.533+05:30  INFO 333978 --- [main] c.m.r.RelationshipsApplication           : No active profile set, falling back to 1 default profile: "default"
2023-12-23T15:52:33.457+05:30  INFO 333978 --- [main] .s.d.r.c.RepositoryConfigurationDelegate : Bootstrapping Spring Data JPA repositories in DEFAULT mode.
2023-12-23T15:52:33.483+05:30  INFO 333978 --- [main] .s.d.r.c.RepositoryConfigurationDelegate : Finished Spring Data repository scanning in 16 ms. Found 0 JPA repository interfaces.
2023-12-23T15:52:34.131+05:30  INFO 333978 --- [main] o.s.b.w.embedded.tomcat.TomcatWebServer  : Tomcat initialized with port 8080 (http)
2023-12-23T15:52:34.147+05:30  INFO 333978 --- [main] o.apache.catalina.core.StandardService   : Starting service [Tomcat]
2023-12-23T15:52:34.148+05:30  INFO 333978 --- [main] o.apache.catalina.core.StandardEngine    : Starting Servlet engine: [Apache Tomcat/10.1.17]
2023-12-23T15:52:34.245+05:30  INFO 333978 --- [main] o.a.c.c.C.[Tomcat].[localhost].[/]       : Initializing Spring embedded WebApplicationContext
2023-12-23T15:52:34.245+05:30  INFO 333978 --- [main] w.s.c.ServletWebServerApplicationContext : Root WebApplicationContext: initialization completed in 1629 ms
2023-12-23T15:52:34.737+05:30  INFO 333978 --- [main] o.s.o.j.p.SpringPersistenceUnitInfo      : No LoadTimeWeaver setup: ignoring JPA class transformer
2023-12-23T15:52:34.757+05:30  INFO 333978 --- [main] com.zaxxer.hikari.HikariDataSource       : HikariPool-1 - Starting...
2023-12-23T15:52:35.100+05:30  INFO 333978 --- [main] com.zaxxer.hikari.pool.HikariPool        : HikariPool-1 - Added connection org.postgresql.jdbc.PgConnection@260d48f5
2023-12-23T15:52:35.101+05:30  INFO 333978 --- [main] com.zaxxer.hikari.HikariDataSource       : HikariPool-1 - Start completed.
2023-12-23T15:52:36.128+05:30  INFO 333978 --- [main] j.LocalContainerEntityManagerFactoryBean : Initialized JPA EntityManagerFactory for persistence unit 'default'
2023-12-23T15:52:36.479+05:30 DEBUG 333978 --- [main] s.w.s.m.m.a.RequestMappingHandlerMapping : 6 mappings in 'requestMappingHandlerMapping'
2023-12-23T15:52:36.634+05:30 DEBUG 333978 --- [main] o.s.w.s.handler.SimpleUrlHandlerMapping  : Patterns [/webjars/**, /**, /swagger-ui*/*swagger-initializer.js, /swagger-ui*/**] in 'resourceHandlerMapping'
2023-12-23T15:52:36.704+05:30 DEBUG 333978 --- [main] s.w.s.m.m.a.RequestMappingHandlerAdapter : ControllerAdvice beans: 0 @ModelAttribute, 0 @InitBinder, 1 RequestBodyAdvice, 1 ResponseBodyAdvice
2023-12-23T15:52:36.767+05:30 DEBUG 333978 --- [main] .m.m.a.ExceptionHandlerExceptionResolver : ControllerAdvice beans: 1 @ExceptionHandler, 1 ResponseBodyAdvice
2023-12-23T15:52:37.086+05:30  INFO 333978 --- [main] o.s.b.w.embedded.tomcat.TomcatWebServer  : Tomcat started on port 8080 (http) with context path ''
2023-12-23T15:52:37.103+05:30  INFO 333978 --- [main] c.m.r.RelationshipsApplication           : Started RelationshipsApplication in 5.028 seconds (process running for 5.415)
